<?xml version="1.0" encoding="UTF-8"?>
<testng-results skipped="0" failed="0" ignored="0" total="1" passed="1">
  <reporter-output>
  </reporter-output>
  <suite name="Default suite" duration-ms="64" started-at="2019-05-10T11:14:25Z" finished-at="2019-05-10T11:14:25Z">
    <groups>
    </groups>
    <test name="Default test" duration-ms="64" started-at="2019-05-10T11:14:25Z" finished-at="2019-05-10T11:14:25Z">
      <class name="ara.javaBasics.Java.com.Read_write">
        <test-method status="PASS" signature="read()[pri:0, instance:ara.javaBasics.Java.com.Read_write@7d9d1a19]" name="read" duration-ms="18" started-at="2019-05-10T11:14:25Z" finished-at="2019-05-10T11:14:25Z">
          <reporter-output>
          </reporter-output>
        </test-method> <!-- read -->
      </class> <!-- ara.javaBasics.Java.com.Read_write -->
    </test> <!-- Default test -->
  </suite> <!-- Default suite -->
</testng-results>
